13-11-2024 19:16:25:016  INFO 808697 --- [main] c.l.kafka.producer.ProducerApplication   : Starting ProducerApplication using Java 17.0.11 on demori with PID 808697 (/home/demori/spring_ws/kafka_e_RabbitMQ/kafka/producer/target/classes started by demori in /home/demori/spring_ws/kafka_e_RabbitMQ/kafka/producer)
13-11-2024 19:16:25:016  INFO 808697 --- [main] c.l.kafka.producer.ProducerApplication   : No active profile set, falling back to 1 default profile: "default"
13-11-2024 19:16:26:016  INFO 808697 --- [main] o.s.cloud.context.scope.GenericScope     : BeanFactory id=90bcfcb4-75cd-34db-b1d5-d2e026c1cd56
13-11-2024 19:16:26:016  INFO 808697 --- [main] o.s.b.w.embedded.tomcat.TomcatWebServer  : Tomcat initialized with port(s): 10002 (http)
13-11-2024 19:16:26:016  INFO 808697 --- [main] o.apache.catalina.core.StandardService   : Starting service [Tomcat]
13-11-2024 19:16:26:016  INFO 808697 --- [main] org.apache.catalina.core.StandardEngine  : Starting Servlet engine: [Apache Tomcat/9.0.83]
13-11-2024 19:16:26:016  INFO 808697 --- [main] o.a.c.c.C.[Tomcat].[localhost].[/]       : Initializing Spring embedded WebApplicationContext
13-11-2024 19:16:26:016  INFO 808697 --- [main] w.s.c.ServletWebServerApplicationContext : Root WebApplicationContext: initialization completed in 1131 ms
13-11-2024 19:16:26:016  INFO 808697 --- [main] o.a.k.clients.admin.AdminClientConfig    : AdminClientConfig values: 
	bootstrap.servers = [localhost:29092]
	client.dns.lookup = use_all_dns_ips
	client.id = 
	connections.max.idle.ms = 300000
	default.api.timeout.ms = 60000
	metadata.max.age.ms = 300000
	metric.reporters = []
	metrics.num.samples = 2
	metrics.recording.level = INFO
	metrics.sample.window.ms = 30000
	receive.buffer.bytes = 65536
	reconnect.backoff.max.ms = 1000
	reconnect.backoff.ms = 50
	request.timeout.ms = 30000
	retries = 2147483647
	retry.backoff.ms = 100
	sasl.client.callback.handler.class = null
	sasl.jaas.config = null
	sasl.kerberos.kinit.cmd = /usr/bin/kinit
	sasl.kerberos.min.time.before.relogin = 60000
	sasl.kerberos.service.name = null
	sasl.kerberos.ticket.renew.jitter = 0.05
	sasl.kerberos.ticket.renew.window.factor = 0.8
	sasl.login.callback.handler.class = null
	sasl.login.class = null
	sasl.login.connect.timeout.ms = null
	sasl.login.read.timeout.ms = null
	sasl.login.refresh.buffer.seconds = 300
	sasl.login.refresh.min.period.seconds = 60
	sasl.login.refresh.window.factor = 0.8
	sasl.login.refresh.window.jitter = 0.05
	sasl.login.retry.backoff.max.ms = 10000
	sasl.login.retry.backoff.ms = 100
	sasl.mechanism = GSSAPI
	sasl.oauthbearer.clock.skew.seconds = 30
	sasl.oauthbearer.expected.audience = null
	sasl.oauthbearer.expected.issuer = null
	sasl.oauthbearer.jwks.endpoint.refresh.ms = 3600000
	sasl.oauthbearer.jwks.endpoint.retry.backoff.max.ms = 10000
	sasl.oauthbearer.jwks.endpoint.retry.backoff.ms = 100
	sasl.oauthbearer.jwks.endpoint.url = null
	sasl.oauthbearer.scope.claim.name = scope
	sasl.oauthbearer.sub.claim.name = sub
	sasl.oauthbearer.token.endpoint.url = null
	security.protocol = PLAINTEXT
	security.providers = null
	send.buffer.bytes = 131072
	socket.connection.setup.timeout.max.ms = 30000
	socket.connection.setup.timeout.ms = 10000
	ssl.cipher.suites = null
	ssl.enabled.protocols = [TLSv1.2, TLSv1.3]
	ssl.endpoint.identification.algorithm = https
	ssl.engine.factory.class = null
	ssl.key.password = null
	ssl.keymanager.algorithm = SunX509
	ssl.keystore.certificate.chain = null
	ssl.keystore.key = null
	ssl.keystore.location = null
	ssl.keystore.password = null
	ssl.keystore.type = JKS
	ssl.protocol = TLSv1.3
	ssl.provider = null
	ssl.secure.random.implementation = null
	ssl.trustmanager.algorithm = PKIX
	ssl.truststore.certificates = null
	ssl.truststore.location = null
	ssl.truststore.password = null
	ssl.truststore.type = JKS

13-11-2024 19:16:27:016  INFO 808697 --- [main] o.a.kafka.common.utils.AppInfoParser     : Kafka version: 3.1.2
13-11-2024 19:16:27:016  INFO 808697 --- [main] o.a.kafka.common.utils.AppInfoParser     : Kafka commitId: f8c67dc3ae0a3265
13-11-2024 19:16:27:016  INFO 808697 --- [main] o.a.kafka.common.utils.AppInfoParser     : Kafka startTimeMs: 1731536187102
13-11-2024 19:16:27:016  INFO 808697 --- [kafka-admin-client-thread | adminclient-1] o.a.kafka.common.utils.AppInfoParser     : App info kafka.admin.client for adminclient-1 unregistered
13-11-2024 19:16:27:016  INFO 808697 --- [kafka-admin-client-thread | adminclient-1] org.apache.kafka.common.metrics.Metrics  : Metrics scheduler closed
13-11-2024 19:16:27:016  INFO 808697 --- [kafka-admin-client-thread | adminclient-1] org.apache.kafka.common.metrics.Metrics  : Closing reporter org.apache.kafka.common.metrics.JmxReporter
13-11-2024 19:16:27:016  INFO 808697 --- [kafka-admin-client-thread | adminclient-1] org.apache.kafka.common.metrics.Metrics  : Metrics reporters closed
13-11-2024 19:16:27:016  INFO 808697 --- [main] o.s.b.w.embedded.tomcat.TomcatWebServer  : Tomcat started on port(s): 10002 (http) with context path ''
13-11-2024 19:16:27:016  INFO 808697 --- [main] c.l.kafka.producer.ProducerApplication   : Started ProducerApplication in 2.691 seconds (JVM running for 3.054)
13-11-2024 19:16:34:016  INFO 808697 --- [http-nio-10002-exec-1] o.a.c.c.C.[Tomcat].[localhost].[/]       : Initializing Spring DispatcherServlet 'dispatcherServlet'
13-11-2024 19:16:34:016  INFO 808697 --- [http-nio-10002-exec-1] o.s.web.servlet.DispatcherServlet        : Initializing Servlet 'dispatcherServlet'
13-11-2024 19:16:34:016  INFO 808697 --- [http-nio-10002-exec-1] o.s.web.servlet.DispatcherServlet        : Completed initialization in 1 ms
13-11-2024 19:16:34:016  INFO 808697 --- [Thread-4] o.apache.catalina.core.StandardService   : Stopping service [Tomcat]
13-11-2024 19:16:34:016  INFO 808697 --- [Thread-4] o.apache.catalina.core.StandardWrapper   : Waiting for [1] instance(s) to be deallocated for Servlet [dispatcherServlet]
13-11-2024 19:16:34:016  INFO 808697 --- [Thread-4] o.a.c.c.C.[Tomcat].[localhost].[/]       : Destroying Spring FrameworkServlet 'dispatcherServlet'
13-11-2024 19:16:36:016  INFO 808697 --- [Thread-4] o.s.boot.SpringApplication               : Starting application using Java 17.0.11 on demori with PID 808697 (started by demori in /home/demori/spring_ws/kafka_e_RabbitMQ/kafka/producer)
13-11-2024 19:16:36:016  INFO 808697 --- [Thread-4] o.s.boot.SpringApplication               : No active profile set, falling back to 1 default profile: "default"
13-11-2024 19:16:36:016  INFO 808697 --- [Thread-4] o.s.cloud.context.scope.GenericScope     : BeanFactory id=90bcfcb4-75cd-34db-b1d5-d2e026c1cd56
13-11-2024 19:16:36:016  INFO 808697 --- [Thread-4] o.s.b.w.embedded.tomcat.TomcatWebServer  : Tomcat initialized with port(s): 10002 (http)
13-11-2024 19:16:36:016  INFO 808697 --- [Thread-4] o.apache.catalina.core.StandardService   : Starting service [Tomcat]
13-11-2024 19:16:36:016  INFO 808697 --- [Thread-4] org.apache.catalina.core.StandardEngine  : Starting Servlet engine: [Apache Tomcat/9.0.83]
13-11-2024 19:16:36:016  INFO 808697 --- [Thread-4] o.a.c.c.C.[Tomcat].[localhost].[/]       : Initializing Spring embedded WebApplicationContext
13-11-2024 19:16:36:016  INFO 808697 --- [Thread-4] w.s.c.ServletWebServerApplicationContext : Root WebApplicationContext: initialization completed in 180 ms
13-11-2024 19:16:37:016  INFO 808697 --- [Thread-4] o.s.cloud.commons.util.InetUtils         : Cannot determine local hostname
13-11-2024 19:16:37:016  INFO 808697 --- [Thread-4] o.a.k.clients.admin.AdminClientConfig    : AdminClientConfig values: 
	bootstrap.servers = [localhost:29092]
	client.dns.lookup = use_all_dns_ips
	client.id = 
	connections.max.idle.ms = 300000
	default.api.timeout.ms = 60000
	metadata.max.age.ms = 300000
	metric.reporters = []
	metrics.num.samples = 2
	metrics.recording.level = INFO
	metrics.sample.window.ms = 30000
	receive.buffer.bytes = 65536
	reconnect.backoff.max.ms = 1000
	reconnect.backoff.ms = 50
	request.timeout.ms = 30000
	retries = 2147483647
	retry.backoff.ms = 100
	sasl.client.callback.handler.class = null
	sasl.jaas.config = null
	sasl.kerberos.kinit.cmd = /usr/bin/kinit
	sasl.kerberos.min.time.before.relogin = 60000
	sasl.kerberos.service.name = null
	sasl.kerberos.ticket.renew.jitter = 0.05
	sasl.kerberos.ticket.renew.window.factor = 0.8
	sasl.login.callback.handler.class = null
	sasl.login.class = null
	sasl.login.connect.timeout.ms = null
	sasl.login.read.timeout.ms = null
	sasl.login.refresh.buffer.seconds = 300
	sasl.login.refresh.min.period.seconds = 60
	sasl.login.refresh.window.factor = 0.8
	sasl.login.refresh.window.jitter = 0.05
	sasl.login.retry.backoff.max.ms = 10000
	sasl.login.retry.backoff.ms = 100
	sasl.mechanism = GSSAPI
	sasl.oauthbearer.clock.skew.seconds = 30
	sasl.oauthbearer.expected.audience = null
	sasl.oauthbearer.expected.issuer = null
	sasl.oauthbearer.jwks.endpoint.refresh.ms = 3600000
	sasl.oauthbearer.jwks.endpoint.retry.backoff.max.ms = 10000
	sasl.oauthbearer.jwks.endpoint.retry.backoff.ms = 100
	sasl.oauthbearer.jwks.endpoint.url = null
	sasl.oauthbearer.scope.claim.name = scope
	sasl.oauthbearer.sub.claim.name = sub
	sasl.oauthbearer.token.endpoint.url = null
	security.protocol = PLAINTEXT
	security.providers = null
	send.buffer.bytes = 131072
	socket.connection.setup.timeout.max.ms = 30000
	socket.connection.setup.timeout.ms = 10000
	ssl.cipher.suites = null
	ssl.enabled.protocols = [TLSv1.2, TLSv1.3]
	ssl.endpoint.identification.algorithm = https
	ssl.engine.factory.class = null
	ssl.key.password = null
	ssl.keymanager.algorithm = SunX509
	ssl.keystore.certificate.chain = null
	ssl.keystore.key = null
	ssl.keystore.location = null
	ssl.keystore.password = null
	ssl.keystore.type = JKS
	ssl.protocol = TLSv1.3
	ssl.provider = null
	ssl.secure.random.implementation = null
	ssl.trustmanager.algorithm = PKIX
	ssl.truststore.certificates = null
	ssl.truststore.location = null
	ssl.truststore.password = null
	ssl.truststore.type = JKS

13-11-2024 19:16:37:016  INFO 808697 --- [Thread-4] o.a.kafka.common.utils.AppInfoParser     : Kafka version: 3.1.2
13-11-2024 19:16:37:016  INFO 808697 --- [Thread-4] o.a.kafka.common.utils.AppInfoParser     : Kafka commitId: f8c67dc3ae0a3265
13-11-2024 19:16:37:016  INFO 808697 --- [Thread-4] o.a.kafka.common.utils.AppInfoParser     : Kafka startTimeMs: 1731536197483
13-11-2024 19:16:37:016  INFO 808697 --- [kafka-admin-client-thread | adminclient-2] o.a.kafka.common.utils.AppInfoParser     : App info kafka.admin.client for adminclient-2 unregistered
13-11-2024 19:16:37:016  INFO 808697 --- [kafka-admin-client-thread | adminclient-2] org.apache.kafka.common.metrics.Metrics  : Metrics scheduler closed
13-11-2024 19:16:37:016  INFO 808697 --- [kafka-admin-client-thread | adminclient-2] org.apache.kafka.common.metrics.Metrics  : Closing reporter org.apache.kafka.common.metrics.JmxReporter
13-11-2024 19:16:37:016  INFO 808697 --- [kafka-admin-client-thread | adminclient-2] org.apache.kafka.common.metrics.Metrics  : Metrics reporters closed
13-11-2024 19:16:37:016  INFO 808697 --- [Thread-4] o.s.b.w.embedded.tomcat.TomcatWebServer  : Tomcat started on port(s): 10002 (http) with context path ''
13-11-2024 19:16:38:016  INFO 808697 --- [Thread-4] o.s.cloud.commons.util.InetUtils         : Cannot determine local hostname
13-11-2024 19:16:38:016  INFO 808697 --- [Thread-4] o.s.boot.SpringApplication               : Started application in 3.627 seconds (JVM running for 14.106)
13-11-2024 19:17:01:017  INFO 809056 --- [main] c.l.k.producer.ProducerApplicationTests  : Starting ProducerApplicationTests using Java 17.0.12 on demori with PID 809056 (started by demori in /home/demori/spring_ws/kafka_e_RabbitMQ/kafka/producer)
13-11-2024 19:17:01:017  INFO 809056 --- [main] c.l.k.producer.ProducerApplicationTests  : No active profile set, falling back to 1 default profile: "default"
13-11-2024 19:17:01:017  INFO 809056 --- [main] o.s.cloud.context.scope.GenericScope     : BeanFactory id=6466a1a5-5867-3998-a40b-17544943b346
13-11-2024 19:17:03:017  INFO 809056 --- [main] o.s.cloud.commons.util.InetUtils         : Cannot determine local hostname
13-11-2024 19:17:03:017  INFO 809056 --- [main] o.a.k.clients.admin.AdminClientConfig    : AdminClientConfig values: 
	bootstrap.servers = [localhost:29092]
	client.dns.lookup = use_all_dns_ips
	client.id = 
	connections.max.idle.ms = 300000
	default.api.timeout.ms = 60000
	metadata.max.age.ms = 300000
	metric.reporters = []
	metrics.num.samples = 2
	metrics.recording.level = INFO
	metrics.sample.window.ms = 30000
	receive.buffer.bytes = 65536
	reconnect.backoff.max.ms = 1000
	reconnect.backoff.ms = 50
	request.timeout.ms = 30000
	retries = 2147483647
	retry.backoff.ms = 100
	sasl.client.callback.handler.class = null
	sasl.jaas.config = null
	sasl.kerberos.kinit.cmd = /usr/bin/kinit
	sasl.kerberos.min.time.before.relogin = 60000
	sasl.kerberos.service.name = null
	sasl.kerberos.ticket.renew.jitter = 0.05
	sasl.kerberos.ticket.renew.window.factor = 0.8
	sasl.login.callback.handler.class = null
	sasl.login.class = null
	sasl.login.connect.timeout.ms = null
	sasl.login.read.timeout.ms = null
	sasl.login.refresh.buffer.seconds = 300
	sasl.login.refresh.min.period.seconds = 60
	sasl.login.refresh.window.factor = 0.8
	sasl.login.refresh.window.jitter = 0.05
	sasl.login.retry.backoff.max.ms = 10000
	sasl.login.retry.backoff.ms = 100
	sasl.mechanism = GSSAPI
	sasl.oauthbearer.clock.skew.seconds = 30
	sasl.oauthbearer.expected.audience = null
	sasl.oauthbearer.expected.issuer = null
	sasl.oauthbearer.jwks.endpoint.refresh.ms = 3600000
	sasl.oauthbearer.jwks.endpoint.retry.backoff.max.ms = 10000
	sasl.oauthbearer.jwks.endpoint.retry.backoff.ms = 100
	sasl.oauthbearer.jwks.endpoint.url = null
	sasl.oauthbearer.scope.claim.name = scope
	sasl.oauthbearer.sub.claim.name = sub
	sasl.oauthbearer.token.endpoint.url = null
	security.protocol = PLAINTEXT
	security.providers = null
	send.buffer.bytes = 131072
	socket.connection.setup.timeout.max.ms = 30000
	socket.connection.setup.timeout.ms = 10000
	ssl.cipher.suites = null
	ssl.enabled.protocols = [TLSv1.2, TLSv1.3]
	ssl.endpoint.identification.algorithm = https
	ssl.engine.factory.class = null
	ssl.key.password = null
	ssl.keymanager.algorithm = SunX509
	ssl.keystore.certificate.chain = null
	ssl.keystore.key = null
	ssl.keystore.location = null
	ssl.keystore.password = null
	ssl.keystore.type = JKS
	ssl.protocol = TLSv1.3
	ssl.provider = null
	ssl.secure.random.implementation = null
	ssl.trustmanager.algorithm = PKIX
	ssl.truststore.certificates = null
	ssl.truststore.location = null
	ssl.truststore.password = null
	ssl.truststore.type = JKS

13-11-2024 19:17:03:017  INFO 809056 --- [main] o.a.kafka.common.utils.AppInfoParser     : Kafka version: 3.1.2
13-11-2024 19:17:03:017  INFO 809056 --- [main] o.a.kafka.common.utils.AppInfoParser     : Kafka commitId: f8c67dc3ae0a3265
13-11-2024 19:17:03:017  INFO 809056 --- [main] o.a.kafka.common.utils.AppInfoParser     : Kafka startTimeMs: 1731536223769
13-11-2024 19:17:03:017  INFO 809056 --- [kafka-admin-client-thread | adminclient-1] o.a.kafka.common.utils.AppInfoParser     : App info kafka.admin.client for adminclient-1 unregistered
13-11-2024 19:17:03:017  INFO 809056 --- [kafka-admin-client-thread | adminclient-1] org.apache.kafka.common.metrics.Metrics  : Metrics scheduler closed
13-11-2024 19:17:03:017  INFO 809056 --- [kafka-admin-client-thread | adminclient-1] org.apache.kafka.common.metrics.Metrics  : Closing reporter org.apache.kafka.common.metrics.JmxReporter
13-11-2024 19:17:03:017  INFO 809056 --- [kafka-admin-client-thread | adminclient-1] org.apache.kafka.common.metrics.Metrics  : Metrics reporters closed
13-11-2024 19:17:04:017  INFO 809056 --- [main] c.l.k.producer.ProducerApplicationTests  : Started ProducerApplicationTests in 4.001 seconds (JVM running for 4.716)
